<?xml version="1.0" encoding="UTF-8"?>
<testng-results ignored="0" total="4" passed="4" failed="0" skipped="0">
  <reporter-output>
  </reporter-output>
  <suite started-at="2023-08-03T14:51:16 IST" name="Default suite" finished-at="2023-08-03T14:52:04 IST" duration-ms="47613">
    <groups>
      <group name="cucumber">
        <method signature="AbstractTestNGCucumberTests.runScenario(io.cucumber.testng.PickleWrapper,io.cucumber.testng.FeatureWrapper)[pri:0, instance:TestRunner.RunnerTest@5fe94a96]" name="runScenario" class="io.cucumber.testng.AbstractTestNGCucumberTests"/>
      </group> <!-- cucumber -->
    </groups>
    <test started-at="2023-08-03T14:51:16 IST" name="Default test" finished-at="2023-08-03T14:52:04 IST" duration-ms="47613">
      <class name="TestRunner.RunnerTest">
        <test-method is-config="true" signature="setUpClass(org.testng.ITestContext)[pri:0, instance:TestRunner.RunnerTest@5fe94a96]" started-at="2023-08-03T14:51:16 IST" name="setUpClass" finished-at="2023-08-03T14:51:17 IST" duration-ms="1215" status="PASS">
          <params>
            <param index="0">
              <value>
                <![CDATA[org.testng.TestRunner@763b0996]]>
              </value>
            </param>
          </params>
          <reporter-output>
          </reporter-output>
        </test-method> <!-- setUpClass -->
        <test-method signature="runScenario(io.cucumber.testng.PickleWrapper,io.cucumber.testng.FeatureWrapper)[pri:0, instance:TestRunner.RunnerTest@5fe94a96]" started-at="2023-08-03T14:51:17 IST" name="runScenario" description="Runs Cucumber Scenarios" data-provider="scenarios" finished-at="2023-08-03T14:51:36 IST" duration-ms="18657" status="PASS">
          <params>
            <param index="0">
              <value>
                <![CDATA["Test Register page Functionality"]]>
              </value>
            </param>
            <param index="1">
              <value>
                <![CDATA["Test Guru99 application"]]>
              </value>
            </param>
          </params>
          <reporter-output>
          </reporter-output>
        </test-method> <!-- runScenario -->
        <test-method signature="runScenario(io.cucumber.testng.PickleWrapper,io.cucumber.testng.FeatureWrapper)[pri:0, instance:TestRunner.RunnerTest@5fe94a96]" started-at="2023-08-03T14:51:36 IST" name="runScenario" description="Runs Cucumber Scenarios" data-provider="scenarios" finished-at="2023-08-03T14:51:47 IST" duration-ms="11243" status="PASS">
          <params>
            <param index="0">
              <value>
                <![CDATA["Test Guru99 registersucess functionality"]]>
              </value>
            </param>
            <param index="1">
              <value>
                <![CDATA["Test guru99 apllication"]]>
              </value>
            </param>
          </params>
          <reporter-output>
          </reporter-output>
        </test-method> <!-- runScenario -->
        <test-method signature="runScenario(io.cucumber.testng.PickleWrapper,io.cucumber.testng.FeatureWrapper)[pri:0, instance:TestRunner.RunnerTest@5fe94a96]" started-at="2023-08-03T14:51:47 IST" name="runScenario" description="Runs Cucumber Scenarios" data-provider="scenarios" finished-at="2023-08-03T14:51:55 IST" duration-ms="8008" status="PASS">
          <params>
            <param index="0">
              <value>
                <![CDATA["Test Login Page Functionality"]]>
              </value>
            </param>
            <param index="1">
              <value>
                <![CDATA["Test Guru99 Apllication"]]>
              </value>
            </param>
          </params>
          <reporter-output>
          </reporter-output>
        </test-method> <!-- runScenario -->
        <test-method signature="runScenario(io.cucumber.testng.PickleWrapper,io.cucumber.testng.FeatureWrapper)[pri:0, instance:TestRunner.RunnerTest@5fe94a96]" started-at="2023-08-03T14:51:55 IST" name="runScenario" description="Runs Cucumber Scenarios" data-provider="scenarios" finished-at="2023-08-03T14:51:55 IST" duration-ms="94" status="PASS">
          <params>
            <param index="0">
              <value>
                <![CDATA["Test Login Sucess page Functionality"]]>
              </value>
            </param>
            <param index="1">
              <value>
                <![CDATA["Test guru99 appliacation"]]>
              </value>
            </param>
          </params>
          <reporter-output>
          </reporter-output>
        </test-method> <!-- runScenario -->
        <test-method is-config="true" signature="tearDownClass()[pri:0, instance:TestRunner.RunnerTest@5fe94a96]" started-at="2023-08-03T14:51:55 IST" name="tearDownClass" finished-at="2023-08-03T14:52:04 IST" duration-ms="8285" status="PASS">
          <reporter-output>
          </reporter-output>
        </test-method> <!-- tearDownClass -->
      </class> <!-- TestRunner.RunnerTest -->
    </test> <!-- Default test -->
  </suite> <!-- Default suite -->
</testng-results>
